[INFO][2022-01-10 10:09:43,710] : Serving on http://0.0.0.0:5000
[INFO][2022-01-10 10:12:01,166] : Create user directory request from : 1283d11d-308c-44fe-9b2d-c2c3525c693e
[INFO][2022-01-10 10:12:01,367] : User directory successfully created : 1283d11d-308c-44fe-9b2d-c2c3525c693e
[INFO][2022-01-10 10:12:46,986] : Create user directory request from : b815bc18-741f-4b02-8cdd-7fdb76268a6e
[INFO][2022-01-10 10:12:46,995] : User directory successfully created : b815bc18-741f-4b02-8cdd-7fdb76268a6e
[INFO][2022-01-10 10:14:49,413] : Create user directory request from : 22eb9309-02b4-4a67-9882-1e684babcf7e
[INFO][2022-01-10 10:14:49,422] : User directory successfully created : 22eb9309-02b4-4a67-9882-1e684babcf7e
[INFO][2022-01-10 10:22:43,613] : Request From : 22eb9309-02b4-4a67-9882-1e684babcf7e
[INFO][2022-01-10 10:23:06,616] : Successfully finished work : 22eb9309-02b4-4a67-9882-1e684babcf7e
[INFO][2022-01-10 10:23:51,706] : Create user directory request from : 0f07c6cb-70e3-497c-8619-035b999fca0e
[INFO][2022-01-10 10:23:51,714] : User directory successfully created : 0f07c6cb-70e3-497c-8619-035b999fca0e
[INFO][2022-01-10 10:24:19,324] : Request From : 0f07c6cb-70e3-497c-8619-035b999fca0e
[INFO][2022-01-10 10:24:28,256] : Successfully finished work : 0f07c6cb-70e3-497c-8619-035b999fca0e
[INFO][2022-01-10 10:24:43,923] : Create user directory request from : 49029c60-3b7a-4fa4-b44c-2e1496b3867d
[INFO][2022-01-10 10:24:43,931] : User directory successfully created : 49029c60-3b7a-4fa4-b44c-2e1496b3867d
[INFO][2022-01-10 10:26:38,244] : Request From : 49029c60-3b7a-4fa4-b44c-2e1496b3867d
[INFO][2022-01-10 10:26:47,505] : Successfully finished work : 49029c60-3b7a-4fa4-b44c-2e1496b3867d
[INFO][2022-01-10 10:27:02,205] : Request From : 49029c60-3b7a-4fa4-b44c-2e1496b3867d
[INFO][2022-01-10 10:27:12,852] : Successfully finished work : 49029c60-3b7a-4fa4-b44c-2e1496b3867d
[INFO][2022-01-10 12:10:31,957] : Create user directory request from : 8a09d77d-2fb8-477d-939a-5c2ed4f311cb
[INFO][2022-01-10 12:10:31,964] : User directory successfully created : 8a09d77d-2fb8-477d-939a-5c2ed4f311cb
[INFO][2022-01-10 12:39:05,897] : Request From : 8a09d77d-2fb8-477d-939a-5c2ed4f311cb
[INFO][2022-01-10 12:39:14,914] : Successfully finished work : 8a09d77d-2fb8-477d-939a-5c2ed4f311cb
[INFO][2022-01-10 12:39:44,317] : Create user directory request from : cab7c0bc-cee9-435f-99a1-ba3c5362f461
[INFO][2022-01-10 12:39:44,326] : User directory successfully created : cab7c0bc-cee9-435f-99a1-ba3c5362f461
[INFO][2022-01-10 12:40:59,391] : Request From : cab7c0bc-cee9-435f-99a1-ba3c5362f461
[INFO][2022-01-10 12:41:08,742] : Successfully finished work : cab7c0bc-cee9-435f-99a1-ba3c5362f461
[INFO][2022-01-10 12:43:00,416] : Request From : cab7c0bc-cee9-435f-99a1-ba3c5362f461
[INFO][2022-01-10 12:43:10,538] : Successfully finished work : cab7c0bc-cee9-435f-99a1-ba3c5362f461
[INFO][2022-01-12 18:51:27,946] : Create user directory request from : 8345460f-af13-4449-b95d-7bdcd0893e56
[INFO][2022-01-12 18:51:27,955] : User directory successfully created : 8345460f-af13-4449-b95d-7bdcd0893e56
[INFO][2022-01-12 18:51:48,516] : Request From : 8345460f-af13-4449-b95d-7bdcd0893e56
[INFO][2022-01-12 18:51:57,916] : Successfully finished work : 8345460f-af13-4449-b95d-7bdcd0893e56
[INFO][2022-01-26 13:54:03,753] : Create user directory request from : 9614f2f4-5e31-4da4-a23d-302f32a30afe
[INFO][2022-01-26 13:54:03,762] : User directory successfully created : 9614f2f4-5e31-4da4-a23d-302f32a30afe
[INFO][2022-01-28 18:23:48,042] : Create user directory request from : c56a5c43-ec57-4de0-b3df-98dd352e3e7b
[INFO][2022-01-28 18:23:48,052] : User directory successfully created : c56a5c43-ec57-4de0-b3df-98dd352e3e7b
[INFO][2022-01-28 21:05:08,755] : Create user directory request from : 745b151c-5c66-4c6f-a6e1-aa5911e2732d
[INFO][2022-01-28 21:05:08,764] : User directory successfully created : 745b151c-5c66-4c6f-a6e1-aa5911e2732d
